2021-04-11 22:57:06:462  [TID      16684][INFO    ] Default Logger initialized [dmvcframework]
2021-04-11 22:57:06:462  [TID      16684][INFO    ] ENTER: Config default values [dmvcframework]
2021-04-11 22:57:06:462  [TID      16684][INFO    ] EXIT: Config default values [dmvcframework]
2021-04-11 22:57:06:462  [TID      16684][INFO    ] >> Custom configuration method [dmvcframework]
2021-04-11 22:57:06:462  [TID      16684][INFO    ] << Custom configuration method [dmvcframework]
2021-04-11 22:57:06:519  [TID      16684][INFO    ] ENTER: LoadSystemControllers [dmvcframework]
2021-04-11 22:57:06:519  [TID      16684][INFO    ] EXIT: LoadSystemControllers [dmvcframework]
2021-04-11 22:57:10:695  [TID      16684][INFO    ] GET:/api/public_v01 [0:0:0:0:0:0:0:1] -> MyLibrary.DMVCF.Controller.Public_V01.TMyLibrary_DMVCF_Controller_Public.Index - 200 OK [dmvcframework]
2021-04-11 22:57:20:787  [TID      24584][INFO    ] GET:/api/public_v012 [0:0:0:0:0:0:0:1] -> {NOT FOUND} - 404 Not Found [dmvcframework]
2021-04-11 22:57:27:467  [TID      24584][ERROR   ] [EMVCException] Not Found (Custom message: "GET /api/public_v012") [dmvcframework]
2021-04-11 22:59:07:465  [TID      17204][INFO    ] GET:/api/public_v01 [0:0:0:0:0:0:0:1] -> MyLibrary.DMVCF.Controller.Public_V01.TMyLibrary_DMVCF_Controller_Public.Index - 200 OK [dmvcframework]
2021-04-11 22:59:17:046  [TID      16228][INFO    ] GET:/api/public_v013 [0:0:0:0:0:0:0:1] -> {NOT FOUND} - 404 Not Found [dmvcframework]
2021-04-11 22:59:24:226  [TID      16228][ERROR   ] [EMVCException] Not Found (Custom message: "GET /api/public_v013") [dmvcframework]
2021-04-11 22:59:38:347  [TID      25912][INFO    ] GET:/api/public_v01/ping [0:0:0:0:0:0:0:1] -> MyLibrary.DMVCF.Controller.Public_V01.TMyLibrary_DMVCF_Controller_Public.Ping - 200 OK [dmvcframework]
2021-04-11 22:59:57:052  [TID      24608][INFO    ] GET:/api/public_v01/ping [0:0:0:0:0:0:0:1] -> MyLibrary.DMVCF.Controller.Public_V01.TMyLibrary_DMVCF_Controller_Public.Ping - 200 OK [dmvcframework]
2021-04-11 23:00:01:528  [TID       4700][INFO    ] GET:/api/public_v01/ping3 [0:0:0:0:0:0:0:1] -> {NOT FOUND} - 404 Not Found [dmvcframework]
2021-04-11 23:00:05:967  [TID       4700][ERROR   ] [EMVCException] Not Found (Custom message: "GET /api/public_v01/ping3") [dmvcframework]
2021-04-12 08:08:12:655  [TID       4768][INFO    ] GET:/api/public_v01/ping [0:0:0:0:0:0:0:1] -> MyLibrary.DMVCF.Controller.Public_V01.TMyLibrary_DMVCF_Controller_Public.Ping - 200 OK [dmvcframework]
2021-04-12 08:08:23:350  [TID      25408][INFO    ] GET:/api/public_v01/ping [0:0:0:0:0:0:0:1] -> MyLibrary.DMVCF.Controller.Public_V01.TMyLibrary_DMVCF_Controller_Public.Ping - 200 OK [dmvcframework]
2021-04-12 08:08:24:779  [TID      22052][INFO    ] GET:/api/public_v01/ping [0:0:0:0:0:0:0:1] -> MyLibrary.DMVCF.Controller.Public_V01.TMyLibrary_DMVCF_Controller_Public.Ping - 200 OK [dmvcframework]
